<?xml version="1.0" encoding="UTF-8"?>
<!-- Generated by org.testng.reporters.JUnitReportReporter -->
<testsuite hostname="Sree" failures="0" tests="2" name="com.vasanth.tests.LoginTest" time="21.798" errors="0" timestamp="2025-09-29T19:20:03 IST" skipped="0">
  <testcase classname="com.vasanth.tests.LoginTest" name="loginWithValidCredentials" time="21.794"/>
  <testcase classname="com.vasanth.tests.LoginTest" name="loginWithInvalidCredentials" time="0.004"/>
</testsuite> <!-- com.vasanth.tests.LoginTest -->
