<?xml version="1.0" encoding="UTF-8"?>
<!-- Generated by org.testng.reporters.JUnitReportReporter -->
<testsuite hostname="Sree" failures="0" tests="1" name="com.vasanth.tests.ForgotPasswordTest" time="2.781" errors="0" timestamp="2025-09-26T19:35:43 IST" skipped="0">
  <testcase classname="com.vasanth.tests.ForgotPasswordTest" name="verifyForgotPasswordFlow" time="2.781"/>
</testsuite> <!-- com.vasanth.tests.ForgotPasswordTest -->
