<?xml version="1.0" encoding="UTF-8"?>
<!-- Generated by org.testng.reporters.JUnitReportReporter -->
<testsuite hostname="Sree" failures="0" tests="2" name="com.vasanth.tests.AddEmployeeTest" time="16.038" errors="0" timestamp="2025-09-29T19:20:03 IST" skipped="0">
  <testcase classname="com.vasanth.tests.AddEmployeeTest" name="loginTest" time="3.199"/>
  <testcase classname="com.vasanth.tests.AddEmployeeTest" name="testAddNewEmployee" time="12.839"/>
</testsuite> <!-- com.vasanth.tests.AddEmployeeTest -->
