<?xml version="1.0" encoding="UTF-8"?>
<!-- Generated by org.testng.reporters.JUnitReportReporter -->
<testsuite hostname="Sree" failures="0" tests="1" name="com.vasanth.tests.ForgotPasswordFlowTest" time="7.447" errors="0" timestamp="2025-09-29T19:20:03 IST" skipped="0">
  <testcase classname="com.vasanth.tests.ForgotPasswordFlowTest" name="verifyForgotPasswordFlow" time="7.447"/>
</testsuite> <!-- com.vasanth.tests.ForgotPasswordFlowTest -->
